<?xml version="1.0" encoding="UTF-8"?>
<!-- Generated by org.testng.reporters.JUnitXMLReporter -->
<testsuite ignored="0" hostname="ShareefDell" failures="1" tests="3" name="Test" time="9.678" errors="0" timestamp="07 Jan 2024 11:23:48 GMT">
  <testcase classname="testNGExamples.TestExample13" name="googleApp" time="0.035">
    <failure type="java.lang.AssertionError" message="null">
      <![CDATA[java.lang.AssertionError: null
at testNGExamples.TestExample13.googleApp(TestExample13.java:25)
... Removed 27 stack frames]]>
    </failure>
  </testcase> <!-- googleApp -->
  <testcase classname="testNGExamples.TestExample13" name="faceBook" time="9.543"/>
  <testcase classname="testNGExamples.TestExample13" name="linkedIn" time="0.0">
    <skipped/>
  </testcase> <!-- linkedIn -->
</testsuite> <!-- Test -->
