<?xml version="1.0" encoding="UTF-8"?>
<!-- Generated by org.testng.reporters.JUnitXMLReporter -->
<testsuite ignored="2" hostname="ShareefDell" failures="0" tests="2" name="LoginFunctionality" time="0.131" errors="0" timestamp="06 Jan 2024 08:02:21 GMT">
  <testcase classname="testNGExamples.TestExample2" name="testMethod1" time="0.036"/>
  <testcase classname="testNGExamples.TestExample1" name="method1" time="0.005"/>
  <testcase classname="testNGExamples.TestExample3" name="ncLogin" time="0.0">
    <ignored/>
  </testcase> <!-- ncLogin -->
  <testcase classname="testNGExamples.TestExample2" name="testMethod2" time="0.0">
    <ignored/>
  </testcase> <!-- testMethod2 -->
</testsuite> <!-- LoginFunctionality -->
